<?xml version="1.0" encoding="UTF-8"?>
<testsuite xmlns:xsi="http://www.w3.org/2001/XMLSchema-instance" xsi:noNamespaceSchemaLocation="https://maven.apache.org/surefire/maven-surefire-plugin/xsd/surefire-test-report.xsd" name="TestSuite" time="483.673" tests="20" errors="0" skipped="2" failures="2">
  <properties>
    <property name="sun.desktop" value="windows"/>
    <property name="awt.toolkit" value="sun.awt.windows.WToolkit"/>
    <property name="file.encoding.pkg" value="sun.io"/>
    <property name="java.specification.version" value="1.8"/>
    <property name="sun.cpu.isalist" value="amd64"/>
    <property name="sun.jnu.encoding" value="Cp1252"/>
    <property name="java.class.path" value="C:\Users\Anand\Documents\LearningDoc\Framework_Workspace\HybridFrameworkProjectV1\target\test-classes;C:\Users\Anand\Documents\LearningDoc\Framework_Workspace\HybridFrameworkProjectV1\target\classes;C:\Users\Anand\.m2\repository\org\seleniumhq\selenium\selenium-java\3.141.59\selenium-java-3.141.59.jar;C:\Users\Anand\.m2\repository\org\seleniumhq\selenium\selenium-api\3.141.59\selenium-api-3.141.59.jar;C:\Users\Anand\.m2\repository\org\seleniumhq\selenium\selenium-chrome-driver\3.141.59\selenium-chrome-driver-3.141.59.jar;C:\Users\Anand\.m2\repository\org\seleniumhq\selenium\selenium-edge-driver\3.141.59\selenium-edge-driver-3.141.59.jar;C:\Users\Anand\.m2\repository\org\seleniumhq\selenium\selenium-firefox-driver\3.141.59\selenium-firefox-driver-3.141.59.jar;C:\Users\Anand\.m2\repository\org\seleniumhq\selenium\selenium-ie-driver\3.141.59\selenium-ie-driver-3.141.59.jar;C:\Users\Anand\.m2\repository\org\seleniumhq\selenium\selenium-opera-driver\3.141.59\selenium-opera-driver-3.141.59.jar;C:\Users\Anand\.m2\repository\org\seleniumhq\selenium\selenium-remote-driver\3.141.59\selenium-remote-driver-3.141.59.jar;C:\Users\Anand\.m2\repository\org\seleniumhq\selenium\selenium-safari-driver\3.141.59\selenium-safari-driver-3.141.59.jar;C:\Users\Anand\.m2\repository\org\seleniumhq\selenium\selenium-support\3.141.59\selenium-support-3.141.59.jar;C:\Users\Anand\.m2\repository\net\bytebuddy\byte-buddy\1.8.15\byte-buddy-1.8.15.jar;C:\Users\Anand\.m2\repository\org\apache\commons\commons-exec\1.3\commons-exec-1.3.jar;C:\Users\Anand\.m2\repository\com\google\guava\guava\25.0-jre\guava-25.0-jre.jar;C:\Users\Anand\.m2\repository\com\google\code\findbugs\jsr305\1.3.9\jsr305-1.3.9.jar;C:\Users\Anand\.m2\repository\org\checkerframework\checker-compat-qual\2.0.0\checker-compat-qual-2.0.0.jar;C:\Users\Anand\.m2\repository\com\google\errorprone\error_prone_annotations\2.1.3\error_prone_annotations-2.1.3.jar;C:\Users\Anand\.m2\repository\com\google\j2objc\j2objc-annotations\1.1\j2objc-annotations-1.1.jar;C:\Users\Anand\.m2\repository\org\codehaus\mojo\animal-sniffer-annotations\1.14\animal-sniffer-annotations-1.14.jar;C:\Users\Anand\.m2\repository\com\squareup\okhttp3\okhttp\3.11.0\okhttp-3.11.0.jar;C:\Users\Anand\.m2\repository\com\squareup\okio\okio\1.14.0\okio-1.14.0.jar;C:\Users\Anand\.m2\repository\org\testng\testng\7.0.0\testng-7.0.0.jar;C:\Users\Anand\.m2\repository\org\apache\poi\poi\3.17\poi-3.17.jar;C:\Users\Anand\.m2\repository\commons-codec\commons-codec\1.10\commons-codec-1.10.jar;C:\Users\Anand\.m2\repository\org\apache\commons\commons-collections4\4.1\commons-collections4-4.1.jar;C:\Users\Anand\.m2\repository\org\apache\poi\poi-ooxml\3.17\poi-ooxml-3.17.jar;C:\Users\Anand\.m2\repository\com\github\virtuald\curvesapi\1.04\curvesapi-1.04.jar;C:\Users\Anand\.m2\repository\org\apache\poi\poi-ooxml-schemas\3.17\poi-ooxml-schemas-3.17.jar;C:\Users\Anand\.m2\repository\org\apache\xmlbeans\xmlbeans\2.6.0\xmlbeans-2.6.0.jar;C:\Users\Anand\.m2\repository\stax\stax-api\1.0.1\stax-api-1.0.1.jar;C:\Users\Anand\.m2\repository\mysql\mysql-connector-java\8.0.21\mysql-connector-java-8.0.21.jar;C:\Users\Anand\.m2\repository\com\google\protobuf\protobuf-java\3.11.4\protobuf-java-3.11.4.jar;C:\Users\Anand\.m2\repository\org\apache\commons\commons-lang3\3.9\commons-lang3-3.9.jar;C:\Users\Anand\.m2\repository\commons-io\commons-io\2.6\commons-io-2.6.jar;C:\Users\Anand\.m2\repository\org\apache\commons\commons-csv\1.5\commons-csv-1.5.jar;C:\Users\Anand\.m2\repository\com\beust\jcommander\1.78\jcommander-1.78.jar;C:\Users\Anand\.m2\repository\org\apache\tika\tika-app\1.6\tika-app-1.6.jar;C:\Users\Anand\.m2\repository\org\apache\tika\tika-parsers\1.6\tika-parsers-1.6.jar;C:\Users\Anand\.m2\repository\org\apache\tika\tika-core\1.6\tika-core-1.6.jar;C:\Users\Anand\.m2\repository\org\gagravarr\vorbis-java-tika\0.6\vorbis-java-tika-0.6.jar;C:\Users\Anand\.m2\repository\edu\ucar\netcdf\4.2.20\netcdf-4.2.20.jar;C:\Users\Anand\.m2\repository\edu\ucar\unidataCommon\4.2.20\unidataCommon-4.2.20.jar;C:\Users\Anand\.m2\repository\net\jcip\jcip-annotations\1.0\jcip-annotations-1.0.jar;C:\Users\Anand\.m2\repository\commons-httpclient\commons-httpclient\3.1\commons-httpclient-3.1.jar;C:\Users\Anand\.m2\repository\net\sourceforge\jmatio\jmatio\1.0\jmatio-1.0.jar;C:\Users\Anand\.m2\repository\org\apache\james\apache-mime4j-core\0.7.2\apache-mime4j-core-0.7.2.jar;C:\Users\Anand\.m2\repository\org\apache\james\apache-mime4j-dom\0.7.2\apache-mime4j-dom-0.7.2.jar;C:\Users\Anand\.m2\repository\org\apache\commons\commons-compress\1.8.1\commons-compress-1.8.1.jar;C:\Users\Anand\.m2\repository\org\tukaani\xz\1.5\xz-1.5.jar;C:\Users\Anand\.m2\repository\org\bouncycastle\bcmail-jdk15\1.45\bcmail-jdk15-1.45.jar;C:\Users\Anand\.m2\repository\org\bouncycastle\bcprov-jdk15\1.45\bcprov-jdk15-1.45.jar;C:\Users\Anand\.m2\repository\org\apache\poi\poi-scratchpad\3.11-beta2\poi-scratchpad-3.11-beta2.jar;C:\Users\Anand\.m2\repository\org\ccil\cowan\tagsoup\tagsoup\1.2.1\tagsoup-1.2.1.jar;C:\Users\Anand\.m2\repository\org\ow2\asm\asm-debug-all\4.1\asm-debug-all-4.1.jar;C:\Users\Anand\.m2\repository\com\googlecode\mp4parser\isoparser\1.0.2\isoparser-1.0.2.jar;C:\Users\Anand\.m2\repository\org\aspectj\aspectjrt\1.8.0\aspectjrt-1.8.0.jar;C:\Users\Anand\.m2\repository\com\drewnoakes\metadata-extractor\2.6.2\metadata-extractor-2.6.2.jar;C:\Users\Anand\.m2\repository\de\l3s\boilerpipe\boilerpipe\1.1.0\boilerpipe-1.1.0.jar;C:\Users\Anand\.m2\repository\rome\rome\1.0\rome-1.0.jar;C:\Users\Anand\.m2\repository\jdom\jdom\1.0\jdom-1.0.jar;C:\Users\Anand\.m2\repository\org\gagravarr\vorbis-java-core\0.6\vorbis-java-core-0.6.jar;C:\Users\Anand\.m2\repository\com\googlecode\juniversalchardet\juniversalchardet\1.0.3\juniversalchardet-1.0.3.jar;C:\Users\Anand\.m2\repository\com\uwyn\jhighlight\1.0\jhighlight-1.0.jar;C:\Users\Anand\.m2\repository\com\pff\java-libpst\0.8.1\java-libpst-0.8.1.jar;C:\Users\Anand\.m2\repository\org\apache\tika\tika-serialization\1.6\tika-serialization-1.6.jar;C:\Users\Anand\.m2\repository\org\apache\tika\tika-xmp\1.6\tika-xmp-1.6.jar;C:\Users\Anand\.m2\repository\com\adobe\xmp\xmpcore\5.1.2\xmpcore-5.1.2.jar;C:\Users\Anand\.m2\repository\org\slf4j\slf4j-log4j12\1.5.6\slf4j-log4j12-1.5.6.jar;C:\Users\Anand\.m2\repository\log4j\log4j\1.2.14\log4j-1.2.14.jar;C:\Users\Anand\.m2\repository\com\google\code\gson\gson\1.7.1\gson-1.7.1.jar;C:\Users\Anand\.m2\repository\org\apache\pdfbox\pdfbox\2.0.12\pdfbox-2.0.12.jar;C:\Users\Anand\.m2\repository\org\apache\pdfbox\fontbox\2.0.12\fontbox-2.0.12.jar;C:\Users\Anand\.m2\repository\commons-logging\commons-logging\1.2\commons-logging-1.2.jar;C:\Users\Anand\.m2\repository\com\sun\mail\smtp\1.4.5\smtp-1.4.5.jar;C:\Users\Anand\.m2\repository\javax\activation\activation\1.1\activation-1.1.jar;C:\Users\Anand\.m2\repository\com\aventstack\extentreports\3.1.5\extentreports-3.1.5.jar;C:\Users\Anand\.m2\repository\org\mongodb\mongodb-driver\3.3.0\mongodb-driver-3.3.0.jar;C:\Users\Anand\.m2\repository\org\mongodb\bson\3.3.0\bson-3.3.0.jar;C:\Users\Anand\.m2\repository\org\mongodb\mongodb-driver-core\3.3.0\mongodb-driver-core-3.3.0.jar;C:\Users\Anand\.m2\repository\org\apache\httpcomponents\httpclient\4.5.2\httpclient-4.5.2.jar;C:\Users\Anand\.m2\repository\org\apache\httpcomponents\httpcore\4.4.4\httpcore-4.4.4.jar;C:\Users\Anand\.m2\repository\org\apache\httpcomponents\httpmime\4.5.2\httpmime-4.5.2.jar;C:\Users\Anand\.m2\repository\org\jsoup\jsoup\1.9.2\jsoup-1.9.2.jar;C:\Users\Anand\.m2\repository\org\freemarker\freemarker\2.3.31\freemarker-2.3.31.jar;C:\Users\Anand\.m2\repository\org\apache\logging\log4j\log4j-api\2.11.1\log4j-api-2.11.1.jar;C:\Users\Anand\.m2\repository\org\apache\logging\log4j\log4j-core\2.11.1\log4j-core-2.11.1.jar;C:\Users\Anand\.m2\repository\io\github\bonigarcia\webdrivermanager\5.0.3\webdrivermanager-5.0.3.jar;C:\Users\Anand\.m2\repository\org\slf4j\slf4j-api\1.7.32\slf4j-api-1.7.32.jar;C:\Users\Anand\.m2\repository\com\github\docker-java\docker-java\3.2.12\docker-java-3.2.12.jar;C:\Users\Anand\.m2\repository\com\github\docker-java\docker-java-core\3.2.12\docker-java-core-3.2.12.jar;C:\Users\Anand\.m2\repository\com\github\docker-java\docker-java-api\3.2.12\docker-java-api-3.2.12.jar;C:\Users\Anand\.m2\repository\com\fasterxml\jackson\core\jackson-annotations\2.10.3\jackson-annotations-2.10.3.jar;C:\Users\Anand\.m2\repository\commons-lang\commons-lang\2.6\commons-lang-2.6.jar;C:\Users\Anand\.m2\repository\com\fasterxml\jackson\core\jackson-databind\2.10.3\jackson-databind-2.10.3.jar;C:\Users\Anand\.m2\repository\com\fasterxml\jackson\core\jackson-core\2.10.3\jackson-core-2.10.3.jar;C:\Users\Anand\.m2\repository\org\bouncycastle\bcpkix-jdk15on\1.64\bcpkix-jdk15on-1.64.jar;C:\Users\Anand\.m2\repository\org\bouncycastle\bcprov-jdk15on\1.64\bcprov-jdk15on-1.64.jar;C:\Users\Anand\.m2\repository\org\slf4j\jcl-over-slf4j\1.7.30\jcl-over-slf4j-1.7.30.jar;C:\Users\Anand\.m2\repository\com\github\docker-java\docker-java-transport-httpclient5\3.2.12\docker-java-transport-httpclient5-3.2.12.jar;C:\Users\Anand\.m2\repository\com\github\docker-java\docker-java-transport\3.2.12\docker-java-transport-3.2.12.jar;C:\Users\Anand\.m2\repository\org\apache\httpcomponents\client5\httpclient5\5.0.3\httpclient5-5.0.3.jar;C:\Users\Anand\.m2\repository\org\apache\httpcomponents\core5\httpcore5\5.0.2\httpcore5-5.0.2.jar;C:\Users\Anand\.m2\repository\net\java\dev\jna\jna\5.8.0\jna-5.8.0.jar;C:\Users\Anand\.m2\repository\org\brotli\dec\0.1.2\dec-0.1.2.jar;C:\Users\Anand\.m2\repository\org\seleniumhq\selenium\selenium-htmlunit-driver\2.52.0\selenium-htmlunit-driver-2.52.0.jar;C:\Users\Anand\.m2\repository\net\sourceforge\htmlunit\htmlunit\2.18\htmlunit-2.18.jar;C:\Users\Anand\.m2\repository\xalan\xalan\2.7.2\xalan-2.7.2.jar;C:\Users\Anand\.m2\repository\xalan\serializer\2.7.2\serializer-2.7.2.jar;C:\Users\Anand\.m2\repository\net\sourceforge\htmlunit\htmlunit-core-js\2.17\htmlunit-core-js-2.17.jar;C:\Users\Anand\.m2\repository\xerces\xercesImpl\2.11.0\xercesImpl-2.11.0.jar;C:\Users\Anand\.m2\repository\xml-apis\xml-apis\1.4.01\xml-apis-1.4.01.jar;C:\Users\Anand\.m2\repository\net\sourceforge\nekohtml\nekohtml\1.9.22\nekohtml-1.9.22.jar;C:\Users\Anand\.m2\repository\net\sourceforge\cssparser\cssparser\0.9.16\cssparser-0.9.16.jar;C:\Users\Anand\.m2\repository\org\w3c\css\sac\1.3\sac-1.3.jar;C:\Users\Anand\.m2\repository\org\eclipse\jetty\websocket\websocket-client\9.2.12.v20150709\websocket-client-9.2.12.v20150709.jar;C:\Users\Anand\.m2\repository\org\eclipse\jetty\jetty-util\9.2.12.v20150709\jetty-util-9.2.12.v20150709.jar;C:\Users\Anand\.m2\repository\org\eclipse\jetty\jetty-io\9.2.12.v20150709\jetty-io-9.2.12.v20150709.jar;C:\Users\Anand\.m2\repository\org\eclipse\jetty\websocket\websocket-common\9.2.12.v20150709\websocket-common-9.2.12.v20150709.jar;C:\Users\Anand\.m2\repository\org\eclipse\jetty\websocket\websocket-api\9.2.12.v20150709\websocket-api-9.2.12.v20150709.jar;C:\Users\Anand\.m2\repository\commons-collections\commons-collections\3.2.2\commons-collections-3.2.2.jar;"/>
    <property name="java.vm.vendor" value="Oracle Corporation"/>
    <property name="sun.arch.data.model" value="64"/>
    <property name="user.variant" value=""/>
    <property name="java.vendor.url" value="http://java.oracle.com/"/>
    <property name="user.timezone" value="America/Chicago"/>
    <property name="java.vm.specification.version" value="1.8"/>
    <property name="os.name" value="Windows 10"/>
    <property name="user.country" value="US"/>
    <property name="sun.java.launcher" value="SUN_STANDARD"/>
    <property name="sun.boot.library.path" value="C:\Program Files\Java\jdk1.8.0_181\jre\bin"/>
    <property name="sun.java.command" value="C:\Users\Anand\AppData\Local\Temp\surefire6370267609300677975\surefirebooter1779027985651525944.jar C:\Users\Anand\AppData\Local\Temp\surefire6370267609300677975 2022-03-15T23-45-53_929-jvmRun1 surefire1699343888286940334tmp surefire_01075714647284684622tmp"/>
    <property name="surefire.test.class.path" value="C:\Users\Anand\Documents\LearningDoc\Framework_Workspace\HybridFrameworkProjectV1\target\test-classes;C:\Users\Anand\Documents\LearningDoc\Framework_Workspace\HybridFrameworkProjectV1\target\classes;C:\Users\Anand\.m2\repository\org\seleniumhq\selenium\selenium-java\3.141.59\selenium-java-3.141.59.jar;C:\Users\Anand\.m2\repository\org\seleniumhq\selenium\selenium-api\3.141.59\selenium-api-3.141.59.jar;C:\Users\Anand\.m2\repository\org\seleniumhq\selenium\selenium-chrome-driver\3.141.59\selenium-chrome-driver-3.141.59.jar;C:\Users\Anand\.m2\repository\org\seleniumhq\selenium\selenium-edge-driver\3.141.59\selenium-edge-driver-3.141.59.jar;C:\Users\Anand\.m2\repository\org\seleniumhq\selenium\selenium-firefox-driver\3.141.59\selenium-firefox-driver-3.141.59.jar;C:\Users\Anand\.m2\repository\org\seleniumhq\selenium\selenium-ie-driver\3.141.59\selenium-ie-driver-3.141.59.jar;C:\Users\Anand\.m2\repository\org\seleniumhq\selenium\selenium-opera-driver\3.141.59\selenium-opera-driver-3.141.59.jar;C:\Users\Anand\.m2\repository\org\seleniumhq\selenium\selenium-remote-driver\3.141.59\selenium-remote-driver-3.141.59.jar;C:\Users\Anand\.m2\repository\org\seleniumhq\selenium\selenium-safari-driver\3.141.59\selenium-safari-driver-3.141.59.jar;C:\Users\Anand\.m2\repository\org\seleniumhq\selenium\selenium-support\3.141.59\selenium-support-3.141.59.jar;C:\Users\Anand\.m2\repository\net\bytebuddy\byte-buddy\1.8.15\byte-buddy-1.8.15.jar;C:\Users\Anand\.m2\repository\org\apache\commons\commons-exec\1.3\commons-exec-1.3.jar;C:\Users\Anand\.m2\repository\com\google\guava\guava\25.0-jre\guava-25.0-jre.jar;C:\Users\Anand\.m2\repository\com\google\code\findbugs\jsr305\1.3.9\jsr305-1.3.9.jar;C:\Users\Anand\.m2\repository\org\checkerframework\checker-compat-qual\2.0.0\checker-compat-qual-2.0.0.jar;C:\Users\Anand\.m2\repository\com\google\errorprone\error_prone_annotations\2.1.3\error_prone_annotations-2.1.3.jar;C:\Users\Anand\.m2\repository\com\google\j2objc\j2objc-annotations\1.1\j2objc-annotations-1.1.jar;C:\Users\Anand\.m2\repository\org\codehaus\mojo\animal-sniffer-annotations\1.14\animal-sniffer-annotations-1.14.jar;C:\Users\Anand\.m2\repository\com\squareup\okhttp3\okhttp\3.11.0\okhttp-3.11.0.jar;C:\Users\Anand\.m2\repository\com\squareup\okio\okio\1.14.0\okio-1.14.0.jar;C:\Users\Anand\.m2\repository\org\testng\testng\7.0.0\testng-7.0.0.jar;C:\Users\Anand\.m2\repository\org\apache\poi\poi\3.17\poi-3.17.jar;C:\Users\Anand\.m2\repository\commons-codec\commons-codec\1.10\commons-codec-1.10.jar;C:\Users\Anand\.m2\repository\org\apache\commons\commons-collections4\4.1\commons-collections4-4.1.jar;C:\Users\Anand\.m2\repository\org\apache\poi\poi-ooxml\3.17\poi-ooxml-3.17.jar;C:\Users\Anand\.m2\repository\com\github\virtuald\curvesapi\1.04\curvesapi-1.04.jar;C:\Users\Anand\.m2\repository\org\apache\poi\poi-ooxml-schemas\3.17\poi-ooxml-schemas-3.17.jar;C:\Users\Anand\.m2\repository\org\apache\xmlbeans\xmlbeans\2.6.0\xmlbeans-2.6.0.jar;C:\Users\Anand\.m2\repository\stax\stax-api\1.0.1\stax-api-1.0.1.jar;C:\Users\Anand\.m2\repository\mysql\mysql-connector-java\8.0.21\mysql-connector-java-8.0.21.jar;C:\Users\Anand\.m2\repository\com\google\protobuf\protobuf-java\3.11.4\protobuf-java-3.11.4.jar;C:\Users\Anand\.m2\repository\org\apache\commons\commons-lang3\3.9\commons-lang3-3.9.jar;C:\Users\Anand\.m2\repository\commons-io\commons-io\2.6\commons-io-2.6.jar;C:\Users\Anand\.m2\repository\org\apache\commons\commons-csv\1.5\commons-csv-1.5.jar;C:\Users\Anand\.m2\repository\com\beust\jcommander\1.78\jcommander-1.78.jar;C:\Users\Anand\.m2\repository\org\apache\tika\tika-app\1.6\tika-app-1.6.jar;C:\Users\Anand\.m2\repository\org\apache\tika\tika-parsers\1.6\tika-parsers-1.6.jar;C:\Users\Anand\.m2\repository\org\apache\tika\tika-core\1.6\tika-core-1.6.jar;C:\Users\Anand\.m2\repository\org\gagravarr\vorbis-java-tika\0.6\vorbis-java-tika-0.6.jar;C:\Users\Anand\.m2\repository\edu\ucar\netcdf\4.2.20\netcdf-4.2.20.jar;C:\Users\Anand\.m2\repository\edu\ucar\unidataCommon\4.2.20\unidataCommon-4.2.20.jar;C:\Users\Anand\.m2\repository\net\jcip\jcip-annotations\1.0\jcip-annotations-1.0.jar;C:\Users\Anand\.m2\repository\commons-httpclient\commons-httpclient\3.1\commons-httpclient-3.1.jar;C:\Users\Anand\.m2\repository\net\sourceforge\jmatio\jmatio\1.0\jmatio-1.0.jar;C:\Users\Anand\.m2\repository\org\apache\james\apache-mime4j-core\0.7.2\apache-mime4j-core-0.7.2.jar;C:\Users\Anand\.m2\repository\org\apache\james\apache-mime4j-dom\0.7.2\apache-mime4j-dom-0.7.2.jar;C:\Users\Anand\.m2\repository\org\apache\commons\commons-compress\1.8.1\commons-compress-1.8.1.jar;C:\Users\Anand\.m2\repository\org\tukaani\xz\1.5\xz-1.5.jar;C:\Users\Anand\.m2\repository\org\bouncycastle\bcmail-jdk15\1.45\bcmail-jdk15-1.45.jar;C:\Users\Anand\.m2\repository\org\bouncycastle\bcprov-jdk15\1.45\bcprov-jdk15-1.45.jar;C:\Users\Anand\.m2\repository\org\apache\poi\poi-scratchpad\3.11-beta2\poi-scratchpad-3.11-beta2.jar;C:\Users\Anand\.m2\repository\org\ccil\cowan\tagsoup\tagsoup\1.2.1\tagsoup-1.2.1.jar;C:\Users\Anand\.m2\repository\org\ow2\asm\asm-debug-all\4.1\asm-debug-all-4.1.jar;C:\Users\Anand\.m2\repository\com\googlecode\mp4parser\isoparser\1.0.2\isoparser-1.0.2.jar;C:\Users\Anand\.m2\repository\org\aspectj\aspectjrt\1.8.0\aspectjrt-1.8.0.jar;C:\Users\Anand\.m2\repository\com\drewnoakes\metadata-extractor\2.6.2\metadata-extractor-2.6.2.jar;C:\Users\Anand\.m2\repository\de\l3s\boilerpipe\boilerpipe\1.1.0\boilerpipe-1.1.0.jar;C:\Users\Anand\.m2\repository\rome\rome\1.0\rome-1.0.jar;C:\Users\Anand\.m2\repository\jdom\jdom\1.0\jdom-1.0.jar;C:\Users\Anand\.m2\repository\org\gagravarr\vorbis-java-core\0.6\vorbis-java-core-0.6.jar;C:\Users\Anand\.m2\repository\com\googlecode\juniversalchardet\juniversalchardet\1.0.3\juniversalchardet-1.0.3.jar;C:\Users\Anand\.m2\repository\com\uwyn\jhighlight\1.0\jhighlight-1.0.jar;C:\Users\Anand\.m2\repository\com\pff\java-libpst\0.8.1\java-libpst-0.8.1.jar;C:\Users\Anand\.m2\repository\org\apache\tika\tika-serialization\1.6\tika-serialization-1.6.jar;C:\Users\Anand\.m2\repository\org\apache\tika\tika-xmp\1.6\tika-xmp-1.6.jar;C:\Users\Anand\.m2\repository\com\adobe\xmp\xmpcore\5.1.2\xmpcore-5.1.2.jar;C:\Users\Anand\.m2\repository\org\slf4j\slf4j-log4j12\1.5.6\slf4j-log4j12-1.5.6.jar;C:\Users\Anand\.m2\repository\log4j\log4j\1.2.14\log4j-1.2.14.jar;C:\Users\Anand\.m2\repository\com\google\code\gson\gson\1.7.1\gson-1.7.1.jar;C:\Users\Anand\.m2\repository\org\apache\pdfbox\pdfbox\2.0.12\pdfbox-2.0.12.jar;C:\Users\Anand\.m2\repository\org\apache\pdfbox\fontbox\2.0.12\fontbox-2.0.12.jar;C:\Users\Anand\.m2\repository\commons-logging\commons-logging\1.2\commons-logging-1.2.jar;C:\Users\Anand\.m2\repository\com\sun\mail\smtp\1.4.5\smtp-1.4.5.jar;C:\Users\Anand\.m2\repository\javax\activation\activation\1.1\activation-1.1.jar;C:\Users\Anand\.m2\repository\com\aventstack\extentreports\3.1.5\extentreports-3.1.5.jar;C:\Users\Anand\.m2\repository\org\mongodb\mongodb-driver\3.3.0\mongodb-driver-3.3.0.jar;C:\Users\Anand\.m2\repository\org\mongodb\bson\3.3.0\bson-3.3.0.jar;C:\Users\Anand\.m2\repository\org\mongodb\mongodb-driver-core\3.3.0\mongodb-driver-core-3.3.0.jar;C:\Users\Anand\.m2\repository\org\apache\httpcomponents\httpclient\4.5.2\httpclient-4.5.2.jar;C:\Users\Anand\.m2\repository\org\apache\httpcomponents\httpcore\4.4.4\httpcore-4.4.4.jar;C:\Users\Anand\.m2\repository\org\apache\httpcomponents\httpmime\4.5.2\httpmime-4.5.2.jar;C:\Users\Anand\.m2\repository\org\jsoup\jsoup\1.9.2\jsoup-1.9.2.jar;C:\Users\Anand\.m2\repository\org\freemarker\freemarker\2.3.31\freemarker-2.3.31.jar;C:\Users\Anand\.m2\repository\org\apache\logging\log4j\log4j-api\2.11.1\log4j-api-2.11.1.jar;C:\Users\Anand\.m2\repository\org\apache\logging\log4j\log4j-core\2.11.1\log4j-core-2.11.1.jar;C:\Users\Anand\.m2\repository\io\github\bonigarcia\webdrivermanager\5.0.3\webdrivermanager-5.0.3.jar;C:\Users\Anand\.m2\repository\org\slf4j\slf4j-api\1.7.32\slf4j-api-1.7.32.jar;C:\Users\Anand\.m2\repository\com\github\docker-java\docker-java\3.2.12\docker-java-3.2.12.jar;C:\Users\Anand\.m2\repository\com\github\docker-java\docker-java-core\3.2.12\docker-java-core-3.2.12.jar;C:\Users\Anand\.m2\repository\com\github\docker-java\docker-java-api\3.2.12\docker-java-api-3.2.12.jar;C:\Users\Anand\.m2\repository\com\fasterxml\jackson\core\jackson-annotations\2.10.3\jackson-annotations-2.10.3.jar;C:\Users\Anand\.m2\repository\commons-lang\commons-lang\2.6\commons-lang-2.6.jar;C:\Users\Anand\.m2\repository\com\fasterxml\jackson\core\jackson-databind\2.10.3\jackson-databind-2.10.3.jar;C:\Users\Anand\.m2\repository\com\fasterxml\jackson\core\jackson-core\2.10.3\jackson-core-2.10.3.jar;C:\Users\Anand\.m2\repository\org\bouncycastle\bcpkix-jdk15on\1.64\bcpkix-jdk15on-1.64.jar;C:\Users\Anand\.m2\repository\org\bouncycastle\bcprov-jdk15on\1.64\bcprov-jdk15on-1.64.jar;C:\Users\Anand\.m2\repository\org\slf4j\jcl-over-slf4j\1.7.30\jcl-over-slf4j-1.7.30.jar;C:\Users\Anand\.m2\repository\com\github\docker-java\docker-java-transport-httpclient5\3.2.12\docker-java-transport-httpclient5-3.2.12.jar;C:\Users\Anand\.m2\repository\com\github\docker-java\docker-java-transport\3.2.12\docker-java-transport-3.2.12.jar;C:\Users\Anand\.m2\repository\org\apache\httpcomponents\client5\httpclient5\5.0.3\httpclient5-5.0.3.jar;C:\Users\Anand\.m2\repository\org\apache\httpcomponents\core5\httpcore5\5.0.2\httpcore5-5.0.2.jar;C:\Users\Anand\.m2\repository\net\java\dev\jna\jna\5.8.0\jna-5.8.0.jar;C:\Users\Anand\.m2\repository\org\brotli\dec\0.1.2\dec-0.1.2.jar;C:\Users\Anand\.m2\repository\org\seleniumhq\selenium\selenium-htmlunit-driver\2.52.0\selenium-htmlunit-driver-2.52.0.jar;C:\Users\Anand\.m2\repository\net\sourceforge\htmlunit\htmlunit\2.18\htmlunit-2.18.jar;C:\Users\Anand\.m2\repository\xalan\xalan\2.7.2\xalan-2.7.2.jar;C:\Users\Anand\.m2\repository\xalan\serializer\2.7.2\serializer-2.7.2.jar;C:\Users\Anand\.m2\repository\net\sourceforge\htmlunit\htmlunit-core-js\2.17\htmlunit-core-js-2.17.jar;C:\Users\Anand\.m2\repository\xerces\xercesImpl\2.11.0\xercesImpl-2.11.0.jar;C:\Users\Anand\.m2\repository\xml-apis\xml-apis\1.4.01\xml-apis-1.4.01.jar;C:\Users\Anand\.m2\repository\net\sourceforge\nekohtml\nekohtml\1.9.22\nekohtml-1.9.22.jar;C:\Users\Anand\.m2\repository\net\sourceforge\cssparser\cssparser\0.9.16\cssparser-0.9.16.jar;C:\Users\Anand\.m2\repository\org\w3c\css\sac\1.3\sac-1.3.jar;C:\Users\Anand\.m2\repository\org\eclipse\jetty\websocket\websocket-client\9.2.12.v20150709\websocket-client-9.2.12.v20150709.jar;C:\Users\Anand\.m2\repository\org\eclipse\jetty\jetty-util\9.2.12.v20150709\jetty-util-9.2.12.v20150709.jar;C:\Users\Anand\.m2\repository\org\eclipse\jetty\jetty-io\9.2.12.v20150709\jetty-io-9.2.12.v20150709.jar;C:\Users\Anand\.m2\repository\org\eclipse\jetty\websocket\websocket-common\9.2.12.v20150709\websocket-common-9.2.12.v20150709.jar;C:\Users\Anand\.m2\repository\org\eclipse\jetty\websocket\websocket-api\9.2.12.v20150709\websocket-api-9.2.12.v20150709.jar;C:\Users\Anand\.m2\repository\commons-collections\commons-collections\3.2.2\commons-collections-3.2.2.jar;"/>
    <property name="sun.cpu.endian" value="little"/>
    <property name="user.home" value="C:\Users\Anand"/>
    <property name="user.language" value="en"/>
    <property name="java.specification.vendor" value="Oracle Corporation"/>
    <property name="java.home" value="C:\Program Files\Java\jdk1.8.0_181\jre"/>
    <property name="basedir" value="C:\Users\Anand\Documents\LearningDoc\Framework_Workspace\HybridFrameworkProjectV1"/>
    <property name="file.separator" value="\"/>
    <property name="line.separator" value="&#10;"/>
    <property name="java.vm.specification.vendor" value="Oracle Corporation"/>
    <property name="java.specification.name" value="Java Platform API Specification"/>
    <property name="java.awt.graphicsenv" value="sun.awt.Win32GraphicsEnvironment"/>
    <property name="surefire.real.class.path" value="C:\Users\Anand\AppData\Local\Temp\surefire6370267609300677975\surefirebooter1779027985651525944.jar"/>
    <property name="sun.boot.class.path" value="C:\Program Files\Java\jdk1.8.0_181\jre\lib\resources.jar;C:\Program Files\Java\jdk1.8.0_181\jre\lib\rt.jar;C:\Program Files\Java\jdk1.8.0_181\jre\lib\sunrsasign.jar;C:\Program Files\Java\jdk1.8.0_181\jre\lib\jsse.jar;C:\Program Files\Java\jdk1.8.0_181\jre\lib\jce.jar;C:\Program Files\Java\jdk1.8.0_181\jre\lib\charsets.jar;C:\Program Files\Java\jdk1.8.0_181\jre\lib\jfr.jar;C:\Program Files\Java\jdk1.8.0_181\jre\classes"/>
    <property name="user.script" value=""/>
    <property name="sun.management.compiler" value="HotSpot 64-Bit Tiered Compilers"/>
    <property name="java.runtime.version" value="1.8.0_181-b13"/>
    <property name="user.name" value="Anand"/>
    <property name="path.separator" value=";"/>
    <property name="os.version" value="10.0"/>
    <property name="java.endorsed.dirs" value="C:\Program Files\Java\jdk1.8.0_181\jre\lib\endorsed"/>
    <property name="java.runtime.name" value="Java(TM) SE Runtime Environment"/>
    <property name="file.encoding" value="Cp1252"/>
    <property name="java.vm.name" value="Java HotSpot(TM) 64-Bit Server VM"/>
    <property name="localRepository" value="C:\Users\Anand\.m2\repository"/>
    <property name="java.vendor.url.bug" value="http://bugreport.sun.com/bugreport/"/>
    <property name="java.io.tmpdir" value="C:\Users\Anand\AppData\Local\Temp\"/>
    <property name="java.version" value="1.8.0_181"/>
    <property name="user.dir" value="C:\Users\Anand\Documents\LearningDoc\Framework_Workspace\HybridFrameworkProjectV1"/>
    <property name="os.arch" value="amd64"/>
    <property name="java.vm.specification.name" value="Java Virtual Machine Specification"/>
    <property name="java.awt.printerjob" value="sun.awt.windows.WPrinterJob"/>
    <property name="sun.os.patch.level" value=""/>
    <property name="java.library.path" value="C:\Program Files\Java\jdk1.8.0_181\jre\bin;C:\WINDOWS\Sun\Java\bin;C:\WINDOWS\system32;C:\WINDOWS;C:\Program Files (x86)\Common Files\Oracle\Java\javapath;C:\Program Files (x86)\Intel\Intel(R) Management Engine Components\iCLS\;C:\Program Files\Intel\Intel(R) Management Engine Components\iCLS\;C:\WINDOWS\system32;C:\WINDOWS;C:\WINDOWS\System32\Wbem;C:\WINDOWS\System32\WindowsPowerShell\v1.0\;C:\Program Files (x86)\Intel\Intel(R) Management Engine Components\DAL;C:\Program Files\Intel\Intel(R) Management Engine Components\DAL;C:\Program Files (x86)\Intel\Intel(R) Management Engine Components\IPT;C:\Program Files\Intel\Intel(R) Management Engine Components\IPT;C:\Program Files\Intel\WiFi\bin\;C:\Program Files\Common Files\Intel\WirelessCommon\;C:\Program Files\Java\jdk1.8.0_181\bin;C:\Automation\apache-maven-3.5.3-bin\apache-maven-3.5.3\bin;C:\WINDOWS\System32\OpenSSH\;C:\Program Files\nodejs\;C:\Users\Anand\AppData\Local\Android\Sdk\platform-tools;C:\Users\Anand\AppData\Local\Android\Sdk\tools;C:\Users\Anand\AppData\Local\Android\Sdk\build-tools;C:\Users\Anand\AppData\Local\Android\Sdk\build-tools\bin;C:\Users\Anand\AppData\Local\Android\Sdk\tools\bin;C:\Users\Anand\Documents\apache-maven-3.8.1\bin;C:\Program Files (x86)\Subversion\bin;C:\Users\Anand\AppData\Local\Programs\Python\Python38-32\Scripts\;C:\Users\Anand\AppData\Local\Programs\Python\Python38-32\;C:\Users\Anand\AppData\Local\Microsoft\WindowsApps;;C:\Users\Anand\AppData\Local\Programs\Microsoft VS Code\bin;C:\Users\Anand\AppData\Roaming\npm;C:\Program Files\JetBrains\PyCharm Community Edition 2019.3.2\bin;;."/>
    <property name="java.vm.info" value="mixed mode"/>
    <property name="java.vendor" value="Oracle Corporation"/>
    <property name="java.vm.version" value="25.181-b13"/>
    <property name="java.ext.dirs" value="C:\Program Files\Java\jdk1.8.0_181\jre\lib\ext;C:\WINDOWS\Sun\Java\lib\ext"/>
    <property name="sun.io.unicode.encoding" value="UnicodeLittle"/>
    <property name="java.class.version" value="52.0"/>
  </properties>
  <testcase name="tickerProduct_validateTickerUrl" classname="com.qa.tests.FinologyHomeTest" time="0">
    <skipped message="The following asserts failed:&#10;	Finology url is not as expected:  expected [https://www.finology.in/] but found [https://www.finology.india/]"/>
    <system-out><![CDATA[[TestNG] [WARN] AnnotationTransformer already set
[TestNG] [WARN] Ignoring duplicate listener : com.qa.app.listeners.ExtentReportListener
[TestNG] [WARN] AnnotationTransformer already set
[TestNG] [WARN] Ignoring duplicate listener : com.qa.app.listeners.ExtentReportListener
Test Suite started!
Chrome driver launched
tickerProduct_validateTickerUrl started!
https://www.finology.in/
Fail - Finology Url is NOT as expected
https://ticker.finology.in/
Pass - Ticker Url is as expected
https://www.finology.in/
Pass - Finology Url is as expected after moving back from ticker App
tickerProduct_validateTickerUrl skipped!
]]></system-out>
    <system-err><![CDATA[log4j:WARN No appenders could be found for logger (io.github.bonigarcia.wdm.cache.ResolutionCache).
log4j:WARN Please initialize the log4j system properly.
Starting ChromeDriver 99.0.4844.51 (d537ec02474b5afe23684e7963d538896c63ac77-refs/branch-heads/4844@{#875}) on port 16204
Only local connections are allowed.
Please see https://chromedriver.chromium.org/security-considerations for suggestions on keeping ChromeDriver safe.
ChromeDriver was started successfully.
Mar 15, 2022 11:46:03 PM org.openqa.selenium.remote.ProtocolHandshake createSession
INFO: Detected dialect: W3C
]]></system-err>
  </testcase>
  <testcase name="tickerProduct_validateTickerUrl" classname="com.qa.tests.FinologyHomeTest" time="6.479">
    <failure message="The following asserts failed:&#10;	Finology url is not as expected:  expected [https://www.finology.in/] but found [https://www.finology.india/]" type="java.lang.AssertionError">java.lang.AssertionError: 
The following asserts failed:
	Finology url is not as expected:  expected [https://www.finology.in/] but found [https://www.finology.india/]
	at com.qa.tests.FinologyHomeTest.tickerProduct_validateTickerUrl(FinologyHomeTest.java:114)
</failure>
    <system-out><![CDATA[Chrome driver launched
tickerProduct_validateTickerUrl started!
https://www.finology.in/
Fail - Finology Url is NOT as expected
https://ticker.finology.in/
Pass - Ticker Url is as expected
https://www.finology.in/
Pass - Finology Url is as expected after moving back from ticker App
tickerProduct_validateTickerUrl failed!
]]></system-out>
    <system-err><![CDATA[Starting ChromeDriver 99.0.4844.51 (d537ec02474b5afe23684e7963d538896c63ac77-refs/branch-heads/4844@{#875}) on port 11169
Only local connections are allowed.
Please see https://chromedriver.chromium.org/security-considerations for suggestions on keeping ChromeDriver safe.
ChromeDriver was started successfully.
Mar 15, 2022 11:46:24 PM org.openqa.selenium.remote.ProtocolHandshake createSession
INFO: Detected dialect: W3C
]]></system-err>
  </testcase>
  <testcase name="selectProduct_validateSelectUrl" classname="com.qa.tests.FinologyHomeTest" time="0">
    <skipped message="The following asserts failed:&#10;	Select url is not as expected:  expected [https://select.finology.in1/] but found [//https://select.finology.india/]"/>
    <system-out><![CDATA[Chrome driver launched
selectProduct_validateSelectUrl started!
https://www.finology.in/
//https://select.finology.india/
Fail - Select Url is NOT as expected
https://www.finology.in/
selectProduct_validateSelectUrl skipped!
]]></system-out>
    <system-err><![CDATA[Starting ChromeDriver 99.0.4844.51 (d537ec02474b5afe23684e7963d538896c63ac77-refs/branch-heads/4844@{#875}) on port 37389
Only local connections are allowed.
Please see https://chromedriver.chromium.org/security-considerations for suggestions on keeping ChromeDriver safe.
ChromeDriver was started successfully.
Mar 15, 2022 11:46:43 PM org.openqa.selenium.remote.ProtocolHandshake createSession
INFO: Detected dialect: W3C
]]></system-err>
  </testcase>
  <testcase name="selectProduct_validateSelectUrl" classname="com.qa.tests.FinologyHomeTest" time="7.566">
    <failure message="The following asserts failed:&#10;	Select url is not as expected:  expected [https://select.finology.in1/] but found [//https://select.finology.india/]" type="java.lang.AssertionError">java.lang.AssertionError: 
The following asserts failed:
	Select url is not as expected:  expected [https://select.finology.in1/] but found [//https://select.finology.india/]
	at com.qa.tests.FinologyHomeTest.selectProduct_validateSelectUrl(FinologyHomeTest.java:167)
</failure>
    <system-out><![CDATA[Chrome driver launched
selectProduct_validateSelectUrl started!
https://www.finology.in/
//https://select.finology.india/
Fail - Select Url is NOT as expected
https://www.finology.in/
selectProduct_validateSelectUrl failed!
]]></system-out>
    <system-err><![CDATA[Starting ChromeDriver 99.0.4844.51 (d537ec02474b5afe23684e7963d538896c63ac77-refs/branch-heads/4844@{#875}) on port 14676
Only local connections are allowed.
Please see https://chromedriver.chromium.org/security-considerations for suggestions on keeping ChromeDriver safe.
ChromeDriver was started successfully.
Mar 15, 2022 11:47:03 PM org.openqa.selenium.remote.ProtocolHandshake createSession
INFO: Detected dialect: W3C
]]></system-err>
  </testcase>
  <testcase name="finologyLoginByPhoneTest" classname="com.qa.tests.FinologyLoginTest" time="13.78"/>
  <testcase name="finologyLoginByEmail_EmailDuplicateTest" classname="com.qa.tests.FinologyLoginTest" time="14.501"/>
  <testcase name="finologyLoginByEmail_EmailDuplicateTest" classname="com.qa.tests.FinologyLoginTest" time="13.739"/>
  <testcase name="finologyLoginByEmail_EmailDuplicateTest" classname="com.qa.tests.FinologyLoginTest" time="13.822"/>
  <testcase name="finologyLoginByEmail_EmailTest" classname="com.qa.tests.FinologyLoginTest" time="13.112"/>
  <testcase name="finologyLoginByEmail_EmailTest" classname="com.qa.tests.FinologyLoginTest" time="12.911"/>
  <testcase name="finologyLoginByEmail_EmailTest" classname="com.qa.tests.FinologyLoginTest" time="14.505"/>
  <testcase name="tickerProduct_validateTickerLogo" classname="com.qa.tests.FinologyTickerTest" time="6.242"/>
  <testcase name="tickerProduct_getHighestPrice_Sector" classname="com.qa.tests.FinologyTickerTest" time="22.872"/>
  <testcase name="tickerProduct_getPriceForListedCompanies_Sector_Parameterized" classname="com.qa.tests.FinologyTickerTest" time="22.754"/>
  <testcase name="SelectProduct_validateBrokersCount" classname="com.qa.tests.FinologySelectTest" time="10.755"/>
  <testcase name="SelectProduct_validateSelectLogo" classname="com.qa.tests.FinologySelectTest" time="7.102"/>
  <testcase name="validateBrokerageRateAndAmount_Calculators" classname="com.qa.tests.FinologySelectTest" time="14.976"/>
  <testcase name="validateBrokerageRateAndAmount_Calculators" classname="com.qa.tests.FinologySelectTest" time="14.914"/>
  <testcase name="validateBrokerageRateAndAmount_Calculators" classname="com.qa.tests.FinologySelectTest" time="14.262"/>
  <testcase name="validateBrokerageRateAndAmount_Calculators" classname="com.qa.tests.FinologySelectTest" time="15.426"/>
</testsuite>