<?xml version="1.0" encoding="UTF-8"?>
<!-- Generated by org.testng.reporters.JUnitReportReporter -->
<testsuite skipped="4" hostname="DESKTOP-IC54V12" name="com.qa.api.tests.JsonPayloadExamples" tests="5" failures="0" timestamp="2022-05-18T20:39:48 CDT" time="0.032" errors="0">
  <testcase name="createJsonPayload_ReadNestedJsonAndUpdateValue_withoutJacksonAPI" time="0.032" classname="com.qa.api.tests.JsonPayloadExamples"/>
  <testcase name="createJsonPayload_JsonObjectsInsideParentJsonArray" classname="com.qa.api.tests.JsonPayloadExamples">
    <skipped/>
  </testcase> <!-- createJsonPayload_JsonObjectsInsideParentJsonArray -->
  <testcase name="createJsonPayload_ReadJsonAndUpdateValue" classname="com.qa.api.tests.JsonPayloadExamples">
    <skipped/>
  </testcase> <!-- createJsonPayload_ReadJsonAndUpdateValue -->
  <testcase name="createJsonPayload_NestedJsonObject" classname="com.qa.api.tests.JsonPayloadExamples">
    <skipped/>
  </testcase> <!-- createJsonPayload_NestedJsonObject -->
  <testcase name="createJsonPayload_NestedJsonObjectWithJsonArray" classname="com.qa.api.tests.JsonPayloadExamples">
    <skipped/>
  </testcase> <!-- createJsonPayload_NestedJsonObjectWithJsonArray -->
</testsuite> <!-- com.qa.api.tests.JsonPayloadExamples -->
