<?xml version="1.0" encoding="UTF-8"?>
<!-- Generated by org.testng.reporters.JUnitReportReporter -->
<testsuite skipped="8" hostname="DESKTOP-IC54V12" name="com.qa.tests.FinologyTickerTest" tests="11" failures="0" timestamp="2022-03-15T22:47:38 CDT" time="85.779" errors="0">
  <testcase name="tickerProduct_validateTickerLogo" time="17.809" classname="com.qa.tests.FinologyTickerTest"/>
  <testcase name="tickerProduct_getHighestPrice_Sector" time="32.915" classname="com.qa.tests.FinologyTickerTest"/>
  <testcase name="tickerProduct_getPriceForListedCompanies_Sector_Parameterized" time="35.055" classname="com.qa.tests.FinologyTickerTest"/>
  <testcase name="tickerProduct_validateSearchStock" classname="com.qa.tests.FinologyTickerTest">
    <skipped/>
  </testcase> <!-- tickerProduct_validateSearchStock -->
  <testcase name="tickerProduct_validateSuggestionCount" classname="com.qa.tests.FinologyTickerTest">
    <skipped/>
  </testcase> <!-- tickerProduct_validateSuggestionCount -->
  <testcase name="tickerProduct_AllListedCompaniesForSector_Parameterized" classname="com.qa.tests.FinologyTickerTest">
    <skipped/>
  </testcase> <!-- tickerProduct_AllListedCompaniesForSector_Parameterized -->
  <testcase name="tickerProduct_validateMktCapOfValueStock_Scrrener" classname="com.qa.tests.FinologyTickerTest">
    <skipped/>
  </testcase> <!-- tickerProduct_validateMktCapOfValueStock_Scrrener -->
  <testcase name="tickerProduct_ListedCompaniesCountForSector" classname="com.qa.tests.FinologyTickerTest">
    <skipped/>
  </testcase> <!-- tickerProduct_ListedCompaniesCountForSector -->
  <testcase name="tickerProduct_validateTickerLogo_bkp" classname="com.qa.tests.FinologyTickerTest">
    <skipped/>
  </testcase> <!-- tickerProduct_validateTickerLogo_bkp -->
  <testcase name="tickerProduct_validatePresenseofSearchStock" classname="com.qa.tests.FinologyTickerTest">
    <skipped/>
  </testcase> <!-- tickerProduct_validatePresenseofSearchStock -->
  <testcase name="tickerProduct_ListedCompaniesCountForSector_Parameterized" classname="com.qa.tests.FinologyTickerTest">
    <skipped/>
  </testcase> <!-- tickerProduct_ListedCompaniesCountForSector_Parameterized -->
</testsuite> <!-- com.qa.tests.FinologyTickerTest -->
