<?xml version="1.0" encoding="UTF-8"?>
<!-- Generated by org.testng.reporters.JUnitReportReporter -->
<testsuite skipped="5" hostname="DESKTOP-IC54V12" name="com.qa.api.tests.PayloadExamples" tests="6" failures="0" timestamp="2022-05-20T00:25:13 CDT" time="0.029" errors="0">
  <testcase name="ReadXmlUsingXmlFileAndUpdate" time="0.029" classname="com.qa.api.tests.PayloadExamples"/>
  <testcase name="createJsonPayload_JsonObjectsInsideParentJsonArray" classname="com.qa.api.tests.PayloadExamples">
    <skipped/>
  </testcase> <!-- createJsonPayload_JsonObjectsInsideParentJsonArray -->
  <testcase name="createJsonPayload_ReadJsonAndUpdateValue" classname="com.qa.api.tests.PayloadExamples">
    <skipped/>
  </testcase> <!-- createJsonPayload_ReadJsonAndUpdateValue -->
  <testcase name="createJsonPayload_ReadNestedJsonAndUpdateValue_withoutJacksonAPI" classname="com.qa.api.tests.PayloadExamples">
    <skipped/>
  </testcase> <!-- createJsonPayload_ReadNestedJsonAndUpdateValue_withoutJacksonAPI -->
  <testcase name="createJsonPayload_NestedJsonObject" classname="com.qa.api.tests.PayloadExamples">
    <skipped/>
  </testcase> <!-- createJsonPayload_NestedJsonObject -->
  <testcase name="createJsonPayload_NestedJsonObjectWithJsonArray" classname="com.qa.api.tests.PayloadExamples">
    <skipped/>
  </testcase> <!-- createJsonPayload_NestedJsonObjectWithJsonArray -->
</testsuite> <!-- com.qa.api.tests.PayloadExamples -->
