<?xml version="1.0" encoding="UTF-8"?>
<!-- Generated by org.testng.reporters.JUnitReportReporter -->
<testsuite skipped="2" hostname="DESKTOP-IC54V12" name="com.qa.tests.FinologyHomeTest" tests="4" failures="0" timestamp="2022-03-23T11:56:00 CDT" time="24.120" errors="0">
  <testcase name="tickerProduct_validateTickerUrl" time="10.278" classname="com.qa.tests.FinologyHomeTest"/>
  <testcase name="selectProduct_validateSelectUrl" time="13.842" classname="com.qa.tests.FinologyHomeTest"/>
  <testcase name="recipeProduct_validateQuestUrl" classname="com.qa.tests.FinologyHomeTest">
    <skipped/>
  </testcase> <!-- recipeProduct_validateQuestUrl -->
  <testcase name="questProduct_validateQuestUrl" classname="com.qa.tests.FinologyHomeTest">
    <skipped/>
  </testcase> <!-- questProduct_validateQuestUrl -->
</testsuite> <!-- com.qa.tests.FinologyHomeTest -->
