<?xml version="1.0" encoding="UTF-8"?>
<!-- Generated by org.testng.reporters.JUnitReportReporter -->
<testsuite skipped="6" hostname="DESKTOP-IC54V12" name="com.qa.api.tests.PostCallAPITest" tests="7" failures="0" timestamp="2022-08-12T23:57:31 CDT" time="8.769" errors="0">
  <testcase name="createUserTest_gorestAPI" time="8.769" classname="com.qa.api.tests.PostCallAPITest"/>
  <testcase name="createUser_ReadJsonUsingJsonFileNoUpdate_gorest" classname="com.qa.api.tests.PostCallAPITest">
    <skipped/>
  </testcase> <!-- createUser_ReadJsonUsingJsonFileNoUpdate_gorest -->
  <testcase name="createUser_ReadJsonUsingJsonFileAndUpdate_gorest_Parameterized_WithoutJackson" classname="com.qa.api.tests.PostCallAPITest">
    <skipped/>
  </testcase> <!-- createUser_ReadJsonUsingJsonFileAndUpdate_gorest_Parameterized_WithoutJackson -->
  <testcase name="createUserTest_UsePOJO2_forJsonPayload" classname="com.qa.api.tests.PostCallAPITest">
    <skipped/>
  </testcase> <!-- createUserTest_UsePOJO2_forJsonPayload -->
  <testcase name="createUser_ReadJsonUsingJsonFile_gorest" classname="com.qa.api.tests.PostCallAPITest">
    <skipped/>
  </testcase> <!-- createUser_ReadJsonUsingJsonFile_gorest -->
  <testcase name="createNewBookings_restfulBooker_pojo" classname="com.qa.api.tests.PostCallAPITest">
    <skipped/>
  </testcase> <!-- createNewBookings_restfulBooker_pojo -->
  <testcase name="createUserTest_UsePOJO1_forJsonPayload" classname="com.qa.api.tests.PostCallAPITest">
    <skipped/>
  </testcase> <!-- createUserTest_UsePOJO1_forJsonPayload -->
</testsuite> <!-- com.qa.api.tests.PostCallAPITest -->
