<?xml version="1.0" encoding="UTF-8"?>
<!-- Generated by org.testng.reporters.JUnitReportReporter -->
<testsuite skipped="2" hostname="DESKTOP-IC54V12" name="com.qa.tests.FinologyHomeTest" tests="4" failures="0" timestamp="2022-04-07T20:01:37 CDT" time="27.005" errors="0">
  <testcase name="tickerProduct_validateTickerUrl" time="12.635" classname="com.qa.tests.FinologyHomeTest"/>
  <testcase name="selectProduct_validateSelectUrl" time="14.370" classname="com.qa.tests.FinologyHomeTest"/>
  <testcase name="recipeProduct_validateQuestUrl" classname="com.qa.tests.FinologyHomeTest">
    <skipped/>
  </testcase> <!-- recipeProduct_validateQuestUrl -->
  <testcase name="questProduct_validateQuestUrl" classname="com.qa.tests.FinologyHomeTest">
    <skipped/>
  </testcase> <!-- questProduct_validateQuestUrl -->
</testsuite> <!-- com.qa.tests.FinologyHomeTest -->
