<?xml version="1.0" encoding="UTF-8"?>
<!-- Generated by org.testng.reporters.JUnitReportReporter -->
<testsuite skipped="4" hostname="DESKTOP-IC54V12" name="com.qa.tests.FinologyLoginTest" tests="8" failures="0" timestamp="2022-03-23T11:56:00 CDT" time="58.719" errors="0">
  <testcase name="finologyLoginByPhoneTest" time="14.744" classname="com.qa.tests.FinologyLoginTest"/>
  <testcase name="finologyLoginByEmail_EmailTest" time="14.255" classname="com.qa.tests.FinologyLoginTest"/>
  <testcase name="finologyLoginByEmail_EmailTest" time="14.635" classname="com.qa.tests.FinologyLoginTest"/>
  <testcase name="finologyLoginByEmail_EmailTest" time="15.085" classname="com.qa.tests.FinologyLoginTest"/>
  <testcase name="finologyLoginByEmail_InvalidPhone__EmailTest" classname="com.qa.tests.FinologyLoginTest">
    <skipped/>
  </testcase> <!-- finologyLoginByEmail_InvalidPhone__EmailTest -->
  <testcase name="finologyLoginByPhoneTest_InvalidPhoneNo" classname="com.qa.tests.FinologyLoginTest">
    <skipped/>
  </testcase> <!-- finologyLoginByPhoneTest_InvalidPhoneNo -->
  <testcase name="finologyLoginByEmail_PhoneTest" classname="com.qa.tests.FinologyLoginTest">
    <skipped/>
  </testcase> <!-- finologyLoginByEmail_PhoneTest -->
  <testcase name="finologyLoginByPhoneTest_InvalidPassword" classname="com.qa.tests.FinologyLoginTest">
    <skipped/>
  </testcase> <!-- finologyLoginByPhoneTest_InvalidPassword -->
</testsuite> <!-- com.qa.tests.FinologyLoginTest -->
