<?xml version="1.0" encoding="UTF-8"?>
<!-- Generated by org.testng.reporters.JUnitReportReporter -->
<testsuite skipped="5" hostname="DESKTOP-IC54V12" name="com.qa.tests.FinologySelectTest" tests="11" failures="0" timestamp="2022-04-07T20:01:37 CDT" time="104.560" errors="0">
  <testcase name="SelectProduct_validateBrokersCount" time="17.526" classname="com.qa.tests.FinologySelectTest"/>
  <testcase name="SelectProduct_validateSelectLogo" time="9.188" classname="com.qa.tests.FinologySelectTest"/>
  <testcase name="validateBrokerageRateAndAmount_Calculators" time="19.923" classname="com.qa.tests.FinologySelectTest"/>
  <testcase name="validateBrokerageRateAndAmount_Calculators" time="17.050" classname="com.qa.tests.FinologySelectTest"/>
  <testcase name="validateBrokerageRateAndAmount_Calculators" time="21.132" classname="com.qa.tests.FinologySelectTest"/>
  <testcase name="validateBrokerageRateAndAmount_Calculators" time="19.741" classname="com.qa.tests.FinologySelectTest"/>
  <testcase name="SelectProduct_validateBrokerageRateAndAmount_Calculators_Approach2ForLaunchCalculator_bkp" classname="com.qa.tests.FinologySelectTest">
    <skipped/>
  </testcase> <!-- SelectProduct_validateBrokerageRateAndAmount_Calculators_Approach2ForLaunchCalculator_bkp -->
  <testcase name="SelectProduct_validateBrokerNameAndTypeMethod1" classname="com.qa.tests.FinologySelectTest">
    <skipped/>
  </testcase> <!-- SelectProduct_validateBrokerNameAndTypeMethod1 -->
  <testcase name="SelectProduct_validateBrokerNameAndTypeMethod2" classname="com.qa.tests.FinologySelectTest">
    <skipped/>
  </testcase> <!-- SelectProduct_validateBrokerNameAndTypeMethod2 -->
  <testcase name="SelectProduct_validateBrokersList" classname="com.qa.tests.FinologySelectTest">
    <skipped/>
  </testcase> <!-- SelectProduct_validateBrokersList -->
  <testcase name="SelectProduct_validateLaunchCalculator_Calculators_Approach1" classname="com.qa.tests.FinologySelectTest">
    <skipped/>
  </testcase> <!-- SelectProduct_validateLaunchCalculator_Calculators_Approach1 -->
</testsuite> <!-- com.qa.tests.FinologySelectTest -->
