<?xml version="1.0" encoding="UTF-8"?>
<!-- Generated by org.testng.reporters.JUnitReportReporter -->
<testsuite skipped="4" hostname="DESKTOP-IC54V12" name="com.qa.tests.FinologyLoginTest" tests="7" failures="0" timestamp="2022-03-16T08:52:13 CDT" time="45.213" errors="0">
  <testcase name="finologyLoginByEmail_InvalidEmail__EmailTest" time="13.861" classname="com.qa.tests.FinologyLoginTest"/>
  <testcase name="finologyLoginByEmail_InvalidEmail__EmailTest" time="15.941" classname="com.qa.tests.FinologyLoginTest"/>
  <testcase name="finologyLoginByEmail_InvalidEmail__EmailTest" time="15.411" classname="com.qa.tests.FinologyLoginTest"/>
  <testcase name="finologyLoginByEmail_InvalidPhone__EmailTest" classname="com.qa.tests.FinologyLoginTest">
    <skipped/>
  </testcase> <!-- finologyLoginByEmail_InvalidPhone__EmailTest -->
  <testcase name="finologyLoginByPhoneTest_InvalidPhoneNo" classname="com.qa.tests.FinologyLoginTest">
    <skipped/>
  </testcase> <!-- finologyLoginByPhoneTest_InvalidPhoneNo -->
  <testcase name="finologyLoginByEmail_PhoneTest" classname="com.qa.tests.FinologyLoginTest">
    <skipped/>
  </testcase> <!-- finologyLoginByEmail_PhoneTest -->
  <testcase name="finologyLoginByPhoneTest_InvalidPassword" classname="com.qa.tests.FinologyLoginTest">
    <skipped/>
  </testcase> <!-- finologyLoginByPhoneTest_InvalidPassword -->
</testsuite> <!-- com.qa.tests.FinologyLoginTest -->
