<?xml version="1.0" encoding="UTF-8"?>
<!-- Generated by org.testng.reporters.JUnitReportReporter -->
<testsuite skipped="6" hostname="DESKTOP-IC54V12" name="com.qa.tests.FinologyLoginTest" tests="13" failures="0" timestamp="2022-03-15T22:47:38 CDT" time="193.654" errors="0">
  <testcase name="finologyLoginByPhoneTest" time="26.977" classname="com.qa.tests.FinologyLoginTest"/>
  <testcase name="finologyLoginByEmail_EmailDuplicateTest" time="22.116" classname="com.qa.tests.FinologyLoginTest"/>
  <testcase name="finologyLoginByEmail_EmailDuplicateTest" time="24.166" classname="com.qa.tests.FinologyLoginTest"/>
  <testcase name="finologyLoginByEmail_EmailTest" time="23.533" classname="com.qa.tests.FinologyLoginTest">
    <skipped/>
  </testcase> <!-- finologyLoginByEmail_EmailTest -->
  <testcase name="finologyLoginByEmail_EmailTest" time="26.921" classname="com.qa.tests.FinologyLoginTest"/>
  <testcase name="finologyLoginByEmail_EmailDuplicateTest" time="24.223" classname="com.qa.tests.FinologyLoginTest"/>
  <testcase name="finologyLoginByEmail_EmailTest" time="22.839" classname="com.qa.tests.FinologyLoginTest"/>
  <testcase name="finologyLoginByEmail_EmailTest" time="22.879" classname="com.qa.tests.FinologyLoginTest"/>
  <testcase name="finologyLoginByEmail_InvalidPhone__EmailTest" classname="com.qa.tests.FinologyLoginTest">
    <skipped/>
  </testcase> <!-- finologyLoginByEmail_InvalidPhone__EmailTest -->
  <testcase name="finologyLoginByPhoneTest_InvalidPhoneNo" classname="com.qa.tests.FinologyLoginTest">
    <skipped/>
  </testcase> <!-- finologyLoginByPhoneTest_InvalidPhoneNo -->
  <testcase name="finologyLoginByEmail_InvalidEmail__EmailTest" classname="com.qa.tests.FinologyLoginTest">
    <skipped/>
  </testcase> <!-- finologyLoginByEmail_InvalidEmail__EmailTest -->
  <testcase name="finologyLoginByEmail_PhoneTest" classname="com.qa.tests.FinologyLoginTest">
    <skipped/>
  </testcase> <!-- finologyLoginByEmail_PhoneTest -->
  <testcase name="finologyLoginByPhoneTest_InvalidPassword" classname="com.qa.tests.FinologyLoginTest">
    <skipped/>
  </testcase> <!-- finologyLoginByPhoneTest_InvalidPassword -->
</testsuite> <!-- com.qa.tests.FinologyLoginTest -->
