<?xml version="1.0" encoding="UTF-8"?>
<!-- Generated by org.testng.reporters.JUnitReportReporter -->
<testsuite skipped="5" hostname="DESKTOP-IC54V12" name="com.qa.tests.FinologySelectTest" tests="11" failures="0" timestamp="2022-03-23T11:56:00 CDT" time="94.625" errors="0">
  <testcase name="SelectProduct_validateBrokersCount" time="16.048" classname="com.qa.tests.FinologySelectTest"/>
  <testcase name="SelectProduct_validateSelectLogo" time="11.479" classname="com.qa.tests.FinologySelectTest"/>
  <testcase name="validateBrokerageRateAndAmount_Calculators" time="17.469" classname="com.qa.tests.FinologySelectTest"/>
  <testcase name="validateBrokerageRateAndAmount_Calculators" time="13.956" classname="com.qa.tests.FinologySelectTest"/>
  <testcase name="validateBrokerageRateAndAmount_Calculators" time="17.689" classname="com.qa.tests.FinologySelectTest"/>
  <testcase name="validateBrokerageRateAndAmount_Calculators" time="17.984" classname="com.qa.tests.FinologySelectTest"/>
  <testcase name="SelectProduct_validateBrokerageRateAndAmount_Calculators_Approach2ForLaunchCalculator_bkp" classname="com.qa.tests.FinologySelectTest">
    <skipped/>
  </testcase> <!-- SelectProduct_validateBrokerageRateAndAmount_Calculators_Approach2ForLaunchCalculator_bkp -->
  <testcase name="SelectProduct_validateBrokerNameAndTypeMethod1" classname="com.qa.tests.FinologySelectTest">
    <skipped/>
  </testcase> <!-- SelectProduct_validateBrokerNameAndTypeMethod1 -->
  <testcase name="SelectProduct_validateBrokerNameAndTypeMethod2" classname="com.qa.tests.FinologySelectTest">
    <skipped/>
  </testcase> <!-- SelectProduct_validateBrokerNameAndTypeMethod2 -->
  <testcase name="SelectProduct_validateBrokersList" classname="com.qa.tests.FinologySelectTest">
    <skipped/>
  </testcase> <!-- SelectProduct_validateBrokersList -->
  <testcase name="SelectProduct_validateLaunchCalculator_Calculators_Approach1" classname="com.qa.tests.FinologySelectTest">
    <skipped/>
  </testcase> <!-- SelectProduct_validateLaunchCalculator_Calculators_Approach1 -->
</testsuite> <!-- com.qa.tests.FinologySelectTest -->
