<?xml version="1.0" encoding="UTF-8"?>
<!-- Generated by org.testng.reporters.JUnitReportReporter -->
<testsuite skipped="5" hostname="DESKTOP-IC54V12" name="com.qa.tests.FinologySelectTest" tests="11" failures="0" timestamp="2022-03-15T23:54:01 CDT" time="142.187" errors="0">
  <testcase name="SelectProduct_validateBrokersCount" time="20.619" classname="com.qa.tests.FinologySelectTest"/>
  <testcase name="SelectProduct_validateSelectLogo" time="18.753" classname="com.qa.tests.FinologySelectTest"/>
  <testcase name="validateBrokerageRateAndAmount_Calculators" time="25.604" classname="com.qa.tests.FinologySelectTest"/>
  <testcase name="validateBrokerageRateAndAmount_Calculators" time="27.282" classname="com.qa.tests.FinologySelectTest"/>
  <testcase name="validateBrokerageRateAndAmount_Calculators" time="24.808" classname="com.qa.tests.FinologySelectTest"/>
  <testcase name="validateBrokerageRateAndAmount_Calculators" time="25.121" classname="com.qa.tests.FinologySelectTest"/>
  <testcase name="SelectProduct_validateBrokerageRateAndAmount_Calculators_Approach2ForLaunchCalculator_bkp" classname="com.qa.tests.FinologySelectTest">
    <skipped/>
  </testcase> <!-- SelectProduct_validateBrokerageRateAndAmount_Calculators_Approach2ForLaunchCalculator_bkp -->
  <testcase name="SelectProduct_validateBrokerNameAndTypeMethod1" classname="com.qa.tests.FinologySelectTest">
    <skipped/>
  </testcase> <!-- SelectProduct_validateBrokerNameAndTypeMethod1 -->
  <testcase name="SelectProduct_validateBrokerNameAndTypeMethod2" classname="com.qa.tests.FinologySelectTest">
    <skipped/>
  </testcase> <!-- SelectProduct_validateBrokerNameAndTypeMethod2 -->
  <testcase name="SelectProduct_validateBrokersList" classname="com.qa.tests.FinologySelectTest">
    <skipped/>
  </testcase> <!-- SelectProduct_validateBrokersList -->
  <testcase name="SelectProduct_validateLaunchCalculator_Calculators_Approach1" classname="com.qa.tests.FinologySelectTest">
    <skipped/>
  </testcase> <!-- SelectProduct_validateLaunchCalculator_Calculators_Approach1 -->
</testsuite> <!-- com.qa.tests.FinologySelectTest -->
