<?xml version="1.0" encoding="UTF-8"?>
<!-- Generated by org.testng.reporters.JUnitReportReporter -->
<testsuite skipped="5" hostname="DESKTOP-IC54V12" name="com.qa.tests.FinologyLoginTest" tests="12" failures="0" timestamp="2022-03-15T23:54:01 CDT" time="173.037" errors="0">
  <testcase name="finologyLoginByPhoneTest" time="24.569" classname="com.qa.tests.FinologyLoginTest"/>
  <testcase name="finologyLoginByEmail_EmailTest" time="23.968" classname="com.qa.tests.FinologyLoginTest"/>
  <testcase name="finologyLoginByEmail_EmailDuplicateTest" time="24.326" classname="com.qa.tests.FinologyLoginTest"/>
  <testcase name="finologyLoginByEmail_EmailDuplicateTest" time="25.212" classname="com.qa.tests.FinologyLoginTest"/>
  <testcase name="finologyLoginByEmail_EmailTest" time="25.183" classname="com.qa.tests.FinologyLoginTest"/>
  <testcase name="finologyLoginByEmail_EmailTest" time="25.377" classname="com.qa.tests.FinologyLoginTest"/>
  <testcase name="finologyLoginByEmail_EmailDuplicateTest" time="24.402" classname="com.qa.tests.FinologyLoginTest"/>
  <testcase name="finologyLoginByEmail_InvalidPhone__EmailTest" classname="com.qa.tests.FinologyLoginTest">
    <skipped/>
  </testcase> <!-- finologyLoginByEmail_InvalidPhone__EmailTest -->
  <testcase name="finologyLoginByPhoneTest_InvalidPhoneNo" classname="com.qa.tests.FinologyLoginTest">
    <skipped/>
  </testcase> <!-- finologyLoginByPhoneTest_InvalidPhoneNo -->
  <testcase name="finologyLoginByEmail_InvalidEmail__EmailTest" classname="com.qa.tests.FinologyLoginTest">
    <skipped/>
  </testcase> <!-- finologyLoginByEmail_InvalidEmail__EmailTest -->
  <testcase name="finologyLoginByEmail_PhoneTest" classname="com.qa.tests.FinologyLoginTest">
    <skipped/>
  </testcase> <!-- finologyLoginByEmail_PhoneTest -->
  <testcase name="finologyLoginByPhoneTest_InvalidPassword" classname="com.qa.tests.FinologyLoginTest">
    <skipped/>
  </testcase> <!-- finologyLoginByPhoneTest_InvalidPassword -->
</testsuite> <!-- com.qa.tests.FinologyLoginTest -->
